<?xml version="1.0" encoding="UTF-8"?>
<!-- Generated by org.testng.reporters.JUnitReportReporter -->
<testsuite hostname="Adnans-MBP" failures="0" tests="4" name="com.test.one.SanityTest" time="0.004" errors="0" timestamp="2020-11-12T17:22:51 EST" skipped="0">
  <testcase classname="com.test.one.SanityTest" name="TestThree" time="0.001"/>
  <system-out/>
  <testcase classname="com.test.one.SanityTest" name="TestTwo" time="0.000"/>
  <system-out/>
  <testcase classname="com.test.one.SanityTest" name="TestFour" time="0.001"/>
  <system-out/>
  <testcase classname="com.test.one.SanityTest" name="TestOne" time="0.002"/>
  <system-out/>
</testsuite> <!-- com.test.one.SanityTest -->
