<?xml version="1.0" encoding="UTF-8"?>
<!-- Generated by org.testng.reporters.JUnitReportReporter -->
<testsuite hostname="Adnans-MBP" failures="0" tests="2" name="com.test.one.SmokeTest" time="0.004" errors="0" timestamp="2020-11-12T17:22:51 EST" skipped="0">
  <testcase classname="com.test.one.SmokeTest" name="TestOne" time="0.002"/>
  <system-out/>
  <testcase classname="com.test.one.SmokeTest" name="TestTwo" time="0.002"/>
  <system-out/>
</testsuite> <!-- com.test.one.SmokeTest -->
