<?xml version="1.0" encoding="UTF-8"?>
<!-- Generated by org.testng.reporters.JUnitReportReporter -->
<testsuite hostname="Adnans-MBP" failures="0" tests="4" name="com.test.one.RegressionTest" time="9.181" errors="0" timestamp="2020-11-12T17:22:51 EST" skipped="0">
  <testcase classname="com.test.one.RegressionTest" name="processNumOne" time="0.001"/>
  <system-out/>
  <testcase classname="com.test.one.RegressionTest" name="processNumTwo" time="0.000"/>
  <system-out/>
  <testcase classname="com.test.one.RegressionTest" name="openChromeBrowser" time="3.584"/>
  <system-out/>
  <testcase classname="com.test.one.RegressionTest" name="openFirefoxBrowser" time="5.596"/>
  <system-out/>
</testsuite> <!-- com.test.one.RegressionTest -->
